生成启动时间为 2018/6/12 15:36:03。
     1>项目“E:\WorkSpace\C    Program\Chapter 8\PointerVar\SimplePointer\SimplePointer.vcxproj”在节点 2 上(Build 个目标)。
     1>ClCompile:
         D:\Program Files\Microsoft Visual Studio 12.0\VC\bin\CL.exe /c /ZI /nologo /W3 /WX- /Od /Oy- /D WIN32 /D _DEBUG /D _CONSOLE /D _VC80_UPGRADE=0x0600 /D _MBCS /Gm /EHsc /RTC1 /MTd /GS /Gy- /fp:precise /Zc:wchar_t /Zc:forScope /Fo".\Debug\\" /Fd".\Debug\vc120.pdb" /Gd /TC /analyze- /errorReport:prompt "8-1-1MainLeve.c" "8-1-2SecoLeve.c"
         8-1-2SecoLeve.c
     1>e:\workspace\c    program\chapter 8\pointervar\simplepointer\8-1-2secoleve.c(10): warning C4996: 'scanf': This function or variable may be unsafe. Consider using scanf_s instead. To disable deprecation, use _CRT_SECURE_NO_WARNINGS. See online help for details.
                 d:\program files\microsoft visual studio 12.0\vc\include\stdio.h(283) : 参见“scanf”的声明
     1>e:\workspace\c    program\chapter 8\pointervar\simplepointer\8-1-2secoleve.c(13): warning C4996: 'scanf': This function or variable may be unsafe. Consider using scanf_s instead. To disable deprecation, use _CRT_SECURE_NO_WARNINGS. See online help for details.
                 d:\program files\microsoft visual studio 12.0\vc\include\stdio.h(283) : 参见“scanf”的声明
     1>e:\workspace\c    program\chapter 8\pointervar\simplepointer\8-1-2secoleve.c(27): warning C4996: 'scanf': This function or variable may be unsafe. Consider using scanf_s instead. To disable deprecation, use _CRT_SECURE_NO_WARNINGS. See online help for details.
                 d:\program files\microsoft visual studio 12.0\vc\include\stdio.h(283) : 参见“scanf”的声明
     1>e:\workspace\c    program\chapter 8\pointervar\simplepointer\8-1-2secoleve.c(28): warning C4996: 'gets': This function or variable may be unsafe. Consider using gets_s instead. To disable deprecation, use _CRT_SECURE_NO_WARNINGS. See online help for details.
                 d:\program files\microsoft visual studio 12.0\vc\include\stdio.h(254) : 参见“gets”的声明
     1>e:\workspace\c    program\chapter 8\pointervar\simplepointer\8-1-2secoleve.c(52): warning C4996: 'scanf': This function or variable may be unsafe. Consider using scanf_s instead. To disable deprecation, use _CRT_SECURE_NO_WARNINGS. See online help for details.
                 d:\program files\microsoft visual studio 12.0\vc\include\stdio.h(283) : 参见“scanf”的声明
     1>e:\workspace\c    program\chapter 8\pointervar\simplepointer\8-1-2secoleve.c(69): warning C4996: 'scanf': This function or variable may be unsafe. Consider using scanf_s instead. To disable deprecation, use _CRT_SECURE_NO_WARNINGS. See online help for details.
                 d:\program files\microsoft visual studio 12.0\vc\include\stdio.h(283) : 参见“scanf”的声明
     1>e:\workspace\c    program\chapter 8\pointervar\simplepointer\8-1-2secoleve.c(103): warning C4996: 'strcpy': This function or variable may be unsafe. Consider using strcpy_s instead. To disable deprecation, use _CRT_SECURE_NO_WARNINGS. See online help for details.
                 d:\program files\microsoft visual studio 12.0\vc\include\string.h(112) : 参见“strcpy”的声明
     1>e:\workspace\c    program\chapter 8\pointervar\simplepointer\8-1-2secoleve.c(104): warning C4996: 'strcpy': This function or variable may be unsafe. Consider using strcpy_s instead. To disable deprecation, use _CRT_SECURE_NO_WARNINGS. See online help for details.
                 d:\program files\microsoft visual studio 12.0\vc\include\string.h(112) : 参见“strcpy”的声明
     1>e:\workspace\c    program\chapter 8\pointervar\simplepointer\8-1-2secoleve.c(105): warning C4996: 'strcpy': This function or variable may be unsafe. Consider using strcpy_s instead. To disable deprecation, use _CRT_SECURE_NO_WARNINGS. See online help for details.
                 d:\program files\microsoft visual studio 12.0\vc\include\string.h(112) : 参见“strcpy”的声明
     1>e:\workspace\c    program\chapter 8\pointervar\simplepointer\8-1-2secoleve.c(124): warning C4996: 'scanf': This function or variable may be unsafe. Consider using scanf_s instead. To disable deprecation, use _CRT_SECURE_NO_WARNINGS. See online help for details.
                 d:\program files\microsoft visual studio 12.0\vc\include\stdio.h(283) : 参见“scanf”的声明
     1>e:\workspace\c    program\chapter 8\pointervar\simplepointer\8-1-2secoleve.c(125): warning C4996: 'scanf': This function or variable may be unsafe. Consider using scanf_s instead. To disable deprecation, use _CRT_SECURE_NO_WARNINGS. See online help for details.
                 d:\program files\microsoft visual studio 12.0\vc\include\stdio.h(283) : 参见“scanf”的声明
     1>e:\workspace\c    program\chapter 8\pointervar\simplepointer\8-1-2secoleve.c(201): warning C4996: 'scanf': This function or variable may be unsafe. Consider using scanf_s instead. To disable deprecation, use _CRT_SECURE_NO_WARNINGS. See online help for details.
                 d:\program files\microsoft visual studio 12.0\vc\include\stdio.h(283) : 参见“scanf”的声明
     1>e:\workspace\c    program\chapter 8\pointervar\simplepointer\8-1-2secoleve.c(207): warning C4996: 'scanf': This function or variable may be unsafe. Consider using scanf_s instead. To disable deprecation, use _CRT_SECURE_NO_WARNINGS. See online help for details.
                 d:\program files\microsoft visual studio 12.0\vc\include\stdio.h(283) : 参见“scanf”的声明
         8-1-1MainLeve.c
     1>e:\workspace\c    program\chapter 8\pointervar\simplepointer\8-1-1mainleve.c(51): warning C4996: 'scanf': This function or variable may be unsafe. Consider using scanf_s instead. To disable deprecation, use _CRT_SECURE_NO_WARNINGS. See online help for details.
                 d:\program files\microsoft visual studio 12.0\vc\include\stdio.h(283) : 参见“scanf”的声明
     1>e:\workspace\c    program\chapter 8\pointervar\simplepointer\8-1-1mainleve.c(53): warning C4996: 'scanf': This function or variable may be unsafe. Consider using scanf_s instead. To disable deprecation, use _CRT_SECURE_NO_WARNINGS. See online help for details.
                 d:\program files\microsoft visual studio 12.0\vc\include\stdio.h(283) : 参见“scanf”的声明
     1>e:\workspace\c    program\chapter 8\pointervar\simplepointer\8-1-1mainleve.c(58): warning C4996: 'getch': The POSIX name for this item is deprecated. Instead, use the ISO C++ conformant name: _getch. See online help for details.
                 d:\program files\microsoft visual studio 12.0\vc\include\conio.h(131) : 参见“getch”的声明
     1>e:\workspace\c    program\chapter 8\pointervar\simplepointer\8-1-1mainleve.c(79): warning C4996: 'getch': The POSIX name for this item is deprecated. Instead, use the ISO C++ conformant name: _getch. See online help for details.
                 d:\program files\microsoft visual studio 12.0\vc\include\conio.h(131) : 参见“getch”的声明
     1>e:\workspace\c    program\chapter 8\pointervar\simplepointer\8-1-1mainleve.c(132): warning C4996: 'scanf': This function or variable may be unsafe. Consider using scanf_s instead. To disable deprecation, use _CRT_SECURE_NO_WARNINGS. See online help for details.
                 d:\program files\microsoft visual studio 12.0\vc\include\stdio.h(283) : 参见“scanf”的声明
     1>e:\workspace\c    program\chapter 8\pointervar\simplepointer\8-1-1mainleve.c(133): warning C4996: 'gets': This function or variable may be unsafe. Consider using gets_s instead. To disable deprecation, use _CRT_SECURE_NO_WARNINGS. See online help for details.
                 d:\program files\microsoft visual studio 12.0\vc\include\stdio.h(254) : 参见“gets”的声明
     1>e:\workspace\c    program\chapter 8\pointervar\simplepointer\8-1-1mainleve.c(134): warning C4996: 'gets': This function or variable may be unsafe. Consider using gets_s instead. To disable deprecation, use _CRT_SECURE_NO_WARNINGS. See online help for details.
                 d:\program files\microsoft visual studio 12.0\vc\include\stdio.h(254) : 参见“gets”的声明
     1>e:\workspace\c    program\chapter 8\pointervar\simplepointer\8-1-1mainleve.c(135): warning C4996: 'gets': This function or variable may be unsafe. Consider using gets_s instead. To disable deprecation, use _CRT_SECURE_NO_WARNINGS. See online help for details.
                 d:\program files\microsoft visual studio 12.0\vc\include\stdio.h(254) : 参见“gets”的声明
         正在生成代码...
       Link:
         D:\Program Files\Microsoft Visual Studio 12.0\VC\bin\link.exe /ERRORREPORT:PROMPT /OUT:".\Debug\SimplePointer.exe" /INCREMENTAL /NOLOGO odbc32.lib odbccp32.lib kernel32.lib user32.lib gdi32.lib winspool.lib comdlg32.lib advapi32.lib shell32.lib ole32.lib oleaut32.lib uuid.lib odbc32.lib odbccp32.lib /MANIFEST /MANIFESTUAC:"level='asInvoker' uiAccess='false'" /manifest:embed /DEBUG /PDB:".\Debug\SimplePointer.pdb" /SUBSYSTEM:CONSOLE /TLBID:1 /DYNAMICBASE /NXCOMPAT /IMPLIB:".\Debug\SimplePointer.lib" /MACHINE:X86 /SAFESEH ".\Debug\8-1-1MainLeve.obj"
         ".\Debug\8-1-2SecoLeve.obj"
     1>LINK : warning LNK4076: 增量状态文件“.\Debug\SimplePointer.ilk”无效(将删除)；正以非增量方式链接
     1>8-1-1MainLeve.obj : warning LNK4075: 忽略“/EDITANDCONTINUE”(由于“/OPT:LBR”规范)
         SimplePointer.vcxproj -> E:\WorkSpace\C    Program\Chapter 8\PointerVar\SimplePointer\.\Debug\SimplePointer.exe
     1>已完成生成项目“E:\WorkSpace\C    Program\Chapter 8\PointerVar\SimplePointer\SimplePointer.vcxproj”(Build 个目标)的操作。

生成成功。

已用时间 00:00:18.24
